11/05/2022 14:15:35.954: ************************************************************
11/05/2022 14:15:35.955:                        COMPONENTCOMMONINMUEBLES
11/05/2022 14:15:35.955: ************************************************************
11/05/2022 14:15:35.956: Ambiente: parte para TINA
11/05/2022 14:15:36.589:  Generar Proforma: ...
11/05/2022 14:28:14.000: ************************************************************
11/05/2022 14:28:14.001:                        COMPONENTCOMMONINMUEBLES
11/05/2022 14:28:14.001: ************************************************************
11/05/2022 14:28:14.002: Ambiente: parte para TINA
11/05/2022 14:28:14.606:  Generar Login: ...
11/05/2022 14:28:14.608: TIEMPO EJECUCI?N TOTAL: 0 seg. 621 mseg.
11/05/2022 14:47:22.881: ************************************************************
11/05/2022 14:47:22.881:                        COMPONENTCOMMONINMUEBLES
11/05/2022 14:47:22.882: ************************************************************
11/05/2022 14:47:22.882: Ambiente: parte para TINA
11/05/2022 14:47:23.404:  Generar Login: ...
11/05/2022 14:47:23.405: TIEMPO EJECUCI?N TOTAL: 0 seg. 535 mseg.
11/05/2022 14:50:30.661: ************************************************************
11/05/2022 14:50:30.662:                        COMPONENTCOMMONINMUEBLES
11/05/2022 14:50:30.663: ************************************************************
11/05/2022 14:50:30.664: Ambiente: parte para TINA
11/05/2022 14:50:32.452:  Generar Login: ...OK
11/05/2022 14:50:32.453: TIEMPO EJECUCI?N TOTAL: 1 seg. 815 mseg.
12/05/2022 09:05:01.184: ************************************************************
12/05/2022 09:05:01.185:                        COMPONENTCOMMONINMUEBLES
12/05/2022 09:05:01.185: ************************************************************
12/05/2022 09:05:01.186: Ambiente: parte para TINA
12/05/2022 09:05:01.953:  Generar Login: ...OK
12/05/2022 09:05:01.954: TIEMPO EJECUCI?N TOTAL: 0 seg. 773 mseg.
12/05/2022 09:05:01.956:  prueba del registro del assert: ...OK
12/05/2022 09:13:14.633: ************************************************************
12/05/2022 09:13:14.634:                        COMPONENTCOMMONINMUEBLES
12/05/2022 09:13:14.634: ************************************************************
12/05/2022 09:13:14.634: Ambiente: parte para TINA
12/05/2022 09:13:15.269:  Generar Login: ...OK
12/05/2022 09:13:15.269: TIEMPO EJECUCI?N TOTAL: 0 seg. 638 mseg.
12/05/2022 09:13:15.271:  prueba del registro del assert: ...OK
12/05/2022 09:20:49.003: ************************************************************
12/05/2022 09:20:49.004:                        COMPONENTCOMMONINMUEBLES
12/05/2022 09:20:49.004: ************************************************************
12/05/2022 09:20:49.006: Ambiente: parte para TINA
12/05/2022 09:20:49.632:  Generar Login: ...OK
12/05/2022 09:20:49.632: TIEMPO EJECUCI?N TOTAL: 0 seg. 631 mseg.
12/05/2022 09:20:49.633:  prueba del registro del assert: ...OK
12/05/2022 14:24:33.816: Generar Login... OK
12/05/2022 14:24:33.817: TIEMPO EJECUCION TOTAL: 0 seg. 660 mseg.
12/05/2022 14:24:33.817:  prueba del registro del assert: ...OK
12/05/2022 14:54:13.431: Generar Login... OK
12/05/2022 14:54:13.432: TIEMPO EJECUCION TOTAL: 0 seg. 620 mseg.
12/05/2022 14:54:13.434:  prueba del registro del assert: ...OK
12/05/2022 14:55:11.745: ************************************************************
12/05/2022 14:55:11.746:                        dato
12/05/2022 14:55:11.747: ************************************************************
12/05/2022 14:55:11.747: 12/05/2022 14:55:11.747
12/05/2022 14:55:11.748: Ambiente: parte para TINA
12/05/2022 14:55:12.392: Generar Login... OK
12/05/2022 14:55:12.392: TIEMPO EJECUCION TOTAL: 0 seg. 644 mseg.
12/05/2022 14:55:12.394:  prueba del registro del assert: ...OK
12/05/2022 14:56:20.471: ************************************************************
12/05/2022 14:56:20.472:                        IMPLANTACION
12/05/2022 14:56:20.473: ************************************************************
12/05/2022 14:56:20.473: 12/05/2022 14:56:20.473
12/05/2022 14:56:20.473: Ambiente: parte para TINA
12/05/2022 14:56:21.090: Generar Login... OK
12/05/2022 14:56:21.091: TIEMPO EJECUCION TOTAL: 0 seg. 617 mseg.
12/05/2022 14:56:21.093:  prueba del registro del assert: ...OK
12/05/2022 15:00:15.669: ************************************************************
12/05/2022 15:00:15.670:                        IMPLANTACION
12/05/2022 15:00:15.670: ************************************************************
12/05/2022 15:00:15.671: FECHA INICIO: 12/05/2022 15:00:15.670
12/05/2022 15:00:15.671: Ambiente: parte para TINA
12/05/2022 15:00:16.558: Generar Login... OK
12/05/2022 15:00:16.558: TIEMPO EJECUCION TOTAL: 0 seg. 887 mseg.
12/05/2022 15:00:16.561:  prueba del registro del assert: ...OK
12/05/2022 15:07:08.361: ************************************************************
12/05/2022 15:07:08.362:                        IMPLANTACION
12/05/2022 15:07:08.363: ************************************************************
12/05/2022 15:07:08.363: FECHA INICIO: 12/05/2022 15:07:08.363
12/05/2022 15:07:08.365: Ambiente: parte para TINA
12/05/2022 15:07:09.347: Generar Login... OK
12/05/2022 15:07:09.348: TIEMPO EJECUCION TOTAL: 0 seg. 982 mseg.
12/05/2022 15:07:09.350:  prueba del registro del assert: ...OK
13/07/2022 11:19:34.978: ************************************************************
13/07/2022 11:19:34.980:                        CALIDAD
13/07/2022 11:19:34.980: ************************************************************
13/07/2022 11:19:34.981: FECHA INICIO: 13/07/2022 11:19:34.981
13/07/2022 11:19:34.982: Ambiente: parte para TINA
13/07/2022 11:19:36.142: Generar Login... OK
13/07/2022 11:19:36.159: TIEMPO EJECUCION TOTAL: 1 seg. 159 mseg.
13/07/2022 11:19:36.162:  prueba del registro del assert: ...OK
13/07/2022 11:20:02.422: ************************************************************
13/07/2022 11:20:02.424:                        CALIDAD
13/07/2022 11:20:02.426: ************************************************************
13/07/2022 11:20:02.426: FECHA INICIO: 13/07/2022 11:20:02.426
13/07/2022 11:20:02.427: Ambiente: parte para TINA
13/07/2022 11:20:04.103: Generar Login... OK
13/07/2022 11:20:04.133: TIEMPO EJECUCION TOTAL: 1 seg. 674 mseg.
13/07/2022 11:20:04.136:  prueba del registro del assert: ...OK
13/07/2022 11:20:59.555: ************************************************************
13/07/2022 11:20:59.556:                        CALIDAD
13/07/2022 11:20:59.558: ************************************************************
13/07/2022 11:20:59.559: FECHA INICIO: 13/07/2022 11:20:59.558
13/07/2022 11:20:59.559: Ambiente: parte para TINA
13/07/2022 11:21:01.639: Generar Login... OK
13/07/2022 11:21:01.667: TIEMPO EJECUCION TOTAL: 2 seg. 82 mseg.
13/07/2022 11:21:01.670:  prueba del registro del assert: ...OK
13/07/2022 11:21:55.791: ************************************************************
13/07/2022 11:21:55.793:                        CALIDAD
13/07/2022 11:21:55.795: ************************************************************
13/07/2022 11:21:55.797: FECHA INICIO: 13/07/2022 11:21:55.796
13/07/2022 11:21:55.797: Ambiente: parte para TINA
13/07/2022 11:21:57.483: Generar Login... OK
13/07/2022 11:21:57.509: TIEMPO EJECUCION TOTAL: 1 seg. 681 mseg.
13/07/2022 11:22:09.819: ************************************************************
13/07/2022 11:22:09.821:                        CALIDAD
13/07/2022 11:22:09.822: ************************************************************
13/07/2022 11:22:09.822: FECHA INICIO: 13/07/2022 11:22:09.822
13/07/2022 11:22:09.824: Ambiente: parte para TINA
13/07/2022 11:22:11.611: Generar Login... OK
13/07/2022 11:22:11.611: TIEMPO EJECUCION TOTAL: 1 seg. 787 mseg.
13/07/2022 11:22:11.612:  prueba del registro del assert: ...OK
13/07/2022 13:44:41.350: ************************************************************
13/07/2022 13:44:41.354:                        CALIDAD
13/07/2022 13:44:41.354: ************************************************************
13/07/2022 13:44:41.355: FECHA INICIO: 13/07/2022 13:44:41.355
13/07/2022 13:44:41.357: Ambiente: parte para TINA
13/07/2022 13:44:43.753: Generar Login... OK
13/07/2022 13:44:43.785: TIEMPO EJECUCION TOTAL: 2 seg. 384 mseg.
13/07/2022 13:44:43.789:  prueba del registro del assert: ...OK
